INFO [2025-02-13 11:16:08] $x
INFO [2025-02-13 11:16:08] venn_list
INFO [2025-02-13 11:16:08] 
INFO [2025-02-13 11:16:08] $category.names
INFO [2025-02-13 11:16:08] c("Up in D1, Down in D2", "Down in D1, Up in D2")
INFO [2025-02-13 11:16:08] 
INFO [2025-02-13 11:16:08] $filename
INFO [2025-02-13 11:16:08] NULL
INFO [2025-02-13 11:16:08] 
INFO [2025-02-13 11:16:08] $output
INFO [2025-02-13 11:16:08] [1] TRUE
INFO [2025-02-13 11:16:08] 
INFO [2025-02-13 11:16:08] $fill
INFO [2025-02-13 11:16:08] c("blue", "red")
INFO [2025-02-13 11:16:08] 
INFO [2025-02-13 11:16:08] $alpha
INFO [2025-02-13 11:16:08] [1] 0.5
INFO [2025-02-13 11:16:08] 
INFO [2025-02-13 11:16:08] $cat.col
INFO [2025-02-13 11:16:08] c("blue", "red")
INFO [2025-02-13 11:16:08] 
INFO [2025-02-13 11:16:08] $cat.cex
INFO [2025-02-13 11:16:08] [1] 1.2
INFO [2025-02-13 11:16:08] 
INFO [2025-02-13 11:16:08] $cat.pos
INFO [2025-02-13 11:16:08] c(-20, 20)
INFO [2025-02-13 11:16:08] 
INFO [2025-02-13 11:16:08] $margin
INFO [2025-02-13 11:16:08] [1] 0.1
INFO [2025-02-13 11:16:08] 
