INFO [2025-02-13 11:11:55] $x
INFO [2025-02-13 11:11:55] venn_list
INFO [2025-02-13 11:11:55] 
INFO [2025-02-13 11:11:55] $category.names
INFO [2025-02-13 11:11:55] c("Up in D1, Down in D2", "Down in D1, Up in D2")
INFO [2025-02-13 11:11:55] 
INFO [2025-02-13 11:11:55] $filename
INFO [2025-02-13 11:11:55] NULL
INFO [2025-02-13 11:11:55] 
INFO [2025-02-13 11:11:55] $output
INFO [2025-02-13 11:11:55] [1] TRUE
INFO [2025-02-13 11:11:55] 
INFO [2025-02-13 11:11:55] $fill
INFO [2025-02-13 11:11:55] c("blue", "red")
INFO [2025-02-13 11:11:55] 
INFO [2025-02-13 11:11:55] $alpha
INFO [2025-02-13 11:11:55] [1] 0.5
INFO [2025-02-13 11:11:55] 
INFO [2025-02-13 11:11:55] $cat.col
INFO [2025-02-13 11:11:55] c("blue", "red")
INFO [2025-02-13 11:11:55] 
INFO [2025-02-13 11:11:55] $cat.cex
INFO [2025-02-13 11:11:55] [1] 1.2
INFO [2025-02-13 11:11:55] 
INFO [2025-02-13 11:11:55] $cat.pos
INFO [2025-02-13 11:11:55] c(-20, 20)
INFO [2025-02-13 11:11:55] 
INFO [2025-02-13 11:11:55] $margin
INFO [2025-02-13 11:11:55] [1] 0.1
INFO [2025-02-13 11:11:55] 
