INFO [2025-02-13 11:11:20] $x
INFO [2025-02-13 11:11:20] venn_list
INFO [2025-02-13 11:11:20] 
INFO [2025-02-13 11:11:20] $category.names
INFO [2025-02-13 11:11:20] c("Up in D1, Down in D2", "Down in D1, Up in D2")
INFO [2025-02-13 11:11:20] 
INFO [2025-02-13 11:11:20] $filename
INFO [2025-02-13 11:11:20] NULL
INFO [2025-02-13 11:11:20] 
INFO [2025-02-13 11:11:20] $output
INFO [2025-02-13 11:11:20] [1] TRUE
INFO [2025-02-13 11:11:20] 
INFO [2025-02-13 11:11:20] $fill
INFO [2025-02-13 11:11:20] c("blue", "red")
INFO [2025-02-13 11:11:20] 
INFO [2025-02-13 11:11:20] $alpha
INFO [2025-02-13 11:11:20] [1] 0.5
INFO [2025-02-13 11:11:20] 
INFO [2025-02-13 11:11:20] $cat.col
INFO [2025-02-13 11:11:20] c("blue", "red")
INFO [2025-02-13 11:11:20] 
INFO [2025-02-13 11:11:20] $cat.cex
INFO [2025-02-13 11:11:20] [1] 1.2
INFO [2025-02-13 11:11:20] 
INFO [2025-02-13 11:11:20] $cat.pos
INFO [2025-02-13 11:11:20] c(-20, 20)
INFO [2025-02-13 11:11:20] 
INFO [2025-02-13 11:11:20] $margin
INFO [2025-02-13 11:11:20] [1] 0.1
INFO [2025-02-13 11:11:20] 
