INFO [2025-02-13 11:18:29] $x
INFO [2025-02-13 11:18:29] venn_list
INFO [2025-02-13 11:18:29] 
INFO [2025-02-13 11:18:29] $category.names
INFO [2025-02-13 11:18:29] c("Up in D1, Down in D2", "Down in D1, Up in D2")
INFO [2025-02-13 11:18:29] 
INFO [2025-02-13 11:18:29] $filename
INFO [2025-02-13 11:18:29] NULL
INFO [2025-02-13 11:18:29] 
INFO [2025-02-13 11:18:29] $output
INFO [2025-02-13 11:18:29] [1] TRUE
INFO [2025-02-13 11:18:29] 
INFO [2025-02-13 11:18:29] $fill
INFO [2025-02-13 11:18:29] c("blue", "red")
INFO [2025-02-13 11:18:29] 
INFO [2025-02-13 11:18:29] $alpha
INFO [2025-02-13 11:18:29] [1] 0.5
INFO [2025-02-13 11:18:29] 
INFO [2025-02-13 11:18:29] $cat.col
INFO [2025-02-13 11:18:29] c("blue", "red")
INFO [2025-02-13 11:18:29] 
INFO [2025-02-13 11:18:29] $cat.cex
INFO [2025-02-13 11:18:29] [1] 1.2
INFO [2025-02-13 11:18:29] 
INFO [2025-02-13 11:18:29] $cat.pos
INFO [2025-02-13 11:18:29] c(-20, 20)
INFO [2025-02-13 11:18:29] 
INFO [2025-02-13 11:18:29] $margin
INFO [2025-02-13 11:18:29] [1] 0.1
INFO [2025-02-13 11:18:29] 
